<?xml version="1.0" encoding="UTF-8"?>
<!-- Generated by org.testng.reporters.JUnitReportReporter -->
<testsuite hostname="Manoj" failures="0" tests="3" name="com.sgtesting.products.Products" time="0.005" errors="0" timestamp="2024-04-30T19:38:48 IST" skipped="0">
  <testcase classname="com.sgtesting.products.Products" name="deletProduct" time="0.002"/>
  <system-out/>
  <testcase classname="com.sgtesting.products.Products" name="modifyProduct" time="0.001"/>
  <system-out/>
  <testcase classname="com.sgtesting.products.Products" name="createProduct" time="0.002"/>
  <system-out/>
</testsuite> <!-- com.sgtesting.products.Products -->
