<?xml version="1.0" encoding="UTF-8"?>
<!-- Generated by org.testng.reporters.JUnitReportReporter -->
<testsuite hostname="Manoj" failures="0" tests="3" name="com.sgtesting.users.Users" time="0.010" errors="0" timestamp="2024-04-30T19:38:48 IST" skipped="0">
  <testcase classname="com.sgtesting.users.Users" name="createUser" time="0.007"/>
  <system-out/>
  <testcase classname="com.sgtesting.users.Users" name="deletUser" time="0.001"/>
  <system-out/>
  <testcase classname="com.sgtesting.users.Users" name="modifyUser" time="0.002"/>
  <system-out/>
</testsuite> <!-- com.sgtesting.users.Users -->
