<?xml version="1.0" encoding="UTF-8"?>
<!-- Generated by org.testng.reporters.JUnitReportReporter -->
<testsuite hostname="Manoj" failures="0" tests="5" name="com.sgtesting.tests.testcases.UnitTestcases" time="0.018" errors="0" timestamp="2024-05-03T12:24:53 IST" skipped="0">
  <testcase classname="com.sgtesting.tests.testcases.UnitTestcases" name="method4" time="0.001"/>
  <system-out/>
  <testcase classname="com.sgtesting.tests.testcases.UnitTestcases" name="method1" time="0.014"/>
  <system-out/>
  <testcase classname="com.sgtesting.tests.testcases.UnitTestcases" name="method3" time="0.000"/>
  <system-out/>
  <testcase classname="com.sgtesting.tests.testcases.UnitTestcases" name="method2" time="0.001"/>
  <system-out/>
  <testcase classname="com.sgtesting.tests.testcases.UnitTestcases" name="method5" time="0.002"/>
  <system-out/>
</testsuite> <!-- com.sgtesting.tests.testcases.UnitTestcases -->
